# JRE version: OpenJDK Runtime Environment (17.0.6) (build 17.0.6+0-b2043.56-10027231)
# Java VM: OpenJDK 64-Bit Server VM (17.0.6+0-b2043.56-10027231, mixed mode, tiered, compressed oops, compressed class ptrs, g1 gc, windows-amd64)
GC Precious Log:
 CPUs: 4 total, 4 available
 Memory: 6063M
 Large Page Support: Disabled
 NUMA Support: Disabled
 Compressed Oops: Enabled (32-bit)
 Heap Region Size: 1M
 Heap Min Capacity: 8M
 Heap Initial Capacity: 96M
 Heap Max Capacity: 2G
 Pre-touch: Disabled
 Parallel Workers: 4
 Concurrent Workers: 1
 Concurrent Refinement Workers: 4
 Periodic GC: Disabled
Heap:
 garbage-first heap   total 491520K, used 399325K [0x0000000080000000, 0x0000000100000000)
  region size 1024K, 113 young (115712K), 4 survivors (4096K)
 Metaspace       used 189094K, committed 190272K, reserved 1220608K
  class space    used 24082K, committed 24640K, reserved 1048576K
GC Heap History (20 events):
Event: 73.505 GC heap before
{Heap before GC invocations=78 (full 0):
 garbage-first heap   total 362496K, used 297472K [0x0000000080000000, 0x0000000100000000)
  region size 1024K, 64 young (65536K), 9 survivors (9216K)
 Metaspace       used 155698K, committed 156544K, reserved 1187840K
  class space    used 20179K, committed 20608K, reserved 1048576K
}
Event: 73.520 GC heap after
{Heap after GC invocations=79 (full 0):
 garbage-first heap   total 362496K, used 246132K [0x0000000080000000, 0x0000000100000000)
  region size 1024K, 5 young (5120K), 5 survivors (5120K)
 Metaspace       used 155698K, committed 156544K, reserved 1187840K
  class space    used 20179K, committed 20608K, reserved 1048576K
}
Event: 75.720 GC heap before
{Heap before GC invocations=80 (full 0):
 garbage-first heap   total 423936K, used 296308K [0x0000000080000000, 0x0000000100000000)
  region size 1024K, 59 young (60416K), 5 survivors (5120K)
 Metaspace       used 155699K, committed 156544K, reserved 1187840K
  class space    used 20179K, committed 20608K, reserved 1048576K
}
Event: 75.729 GC heap after
{Heap after GC invocations=81 (full 0):
 garbage-first heap   total 423936K, used 243137K [0x0000000080000000, 0x0000000100000000)
  region size 1024K, 7 young (7168K), 7 survivors (7168K)
 Metaspace       used 155699K, committed 156544K, reserved 1187840K
  class space    used 20179K, committed 20608K, reserved 1048576K
}
Event: 76.304 GC heap before
{Heap before GC invocations=81 (full 0):
 garbage-first heap   total 423936K, used 256449K [0x0000000080000000, 0x0000000100000000)
  region size 1024K, 20 young (20480K), 7 survivors (7168K)
 Metaspace       used 155704K, committed 156544K, reserved 1187840K
  class space    used 20179K, committed 20608K, reserved 1048576K
}
Event: 76.316 GC heap after
{Heap after GC invocations=82 (full 0):
 garbage-first heap   total 423936K, used 234134K [0x0000000080000000, 0x0000000100000000)
  region size 1024K, 1 young (1024K), 1 survivors (1024K)
 Metaspace       used 155704K, committed 156544K, reserved 1187840K
  class space    used 20179K, committed 20608K, reserved 1048576K
}
Event: 80.024 GC heap before
{Heap before GC invocations=82 (full 0):
 garbage-first heap   total 423936K, used 338582K [0x0000000080000000, 0x0000000100000000)
  region size 1024K, 103 young (105472K), 1 survivors (1024K)
 Metaspace       used 155704K, committed 156544K, reserved 1187840K
  class space    used 20179K, committed 20608K, reserved 1048576K
}
Event: 80.036 GC heap after
{Heap after GC invocations=83 (full 0):
 garbage-first heap   total 423936K, used 240696K [0x0000000080000000, 0x0000000100000000)
  region size 1024K, 8 young (8192K), 8 survivors (8192K)
 Metaspace       used 155704K, committed 156544K, reserved 1187840K
  class space    used 20179K, committed 20608K, reserved 1048576K
}
Event: 81.408 GC heap before
{Heap before GC invocations=83 (full 0):
 garbage-first heap   total 423936K, used 279608K [0x0000000080000000, 0x0000000100000000)
  region size 1024K, 47 young (48128K), 8 survivors (8192K)
 Metaspace       used 155739K, committed 156608K, reserved 1187840K
  class space    used 20190K, committed 20608K, reserved 1048576K
}
Event: 81.420 GC heap after
{Heap after GC invocations=84 (full 0):
 garbage-first heap   total 423936K, used 243798K [0x0000000080000000, 0x0000000100000000)
  region size 1024K, 10 young (10240K), 10 survivors (10240K)
 Metaspace       used 155739K, committed 156608K, reserved 1187840K
  class space    used 20190K, committed 20608K, reserved 1048576K
}
Event: 87.382 GC heap before
{Heap before GC invocations=85 (full 0):
 garbage-first heap   total 483328K, used 362582K [0x0000000080000000, 0x0000000100000000)
  region size 1024K, 109 young (111616K), 10 survivors (10240K)
 Metaspace       used 165090K, committed 165952K, reserved 1196032K
  class space    used 21408K, committed 21824K, reserved 1048576K
}
Event: 87.406 GC heap after
{Heap after GC invocations=86 (full 0):
 garbage-first heap   total 483328K, used 254910K [0x0000000080000000, 0x0000000100000000)
  region size 1024K, 14 young (14336K), 14 survivors (14336K)
 Metaspace       used 165090K, committed 165952K, reserved 1196032K
  class space    used 21408K, committed 21824K, reserved 1048576K
}
Event: 87.623 GC heap before
{Heap before GC invocations=86 (full 0):
 garbage-first heap   total 483328K, used 263102K [0x0000000080000000, 0x0000000100000000)
  region size 1024K, 23 young (23552K), 14 survivors (14336K)
 Metaspace       used 166398K, committed 167296K, reserved 1196032K
  class space    used 21538K, committed 22016K, reserved 1048576K
}
Event: 87.642 GC heap after
{Heap after GC invocations=87 (full 0):
 garbage-first heap   total 483328K, used 252164K [0x0000000080000000, 0x0000000100000000)
  region size 1024K, 2 young (2048K), 2 survivors (2048K)
 Metaspace       used 166398K, committed 167296K, reserved 1196032K
  class space    used 21538K, committed 22016K, reserved 1048576K
}
Event: 98.424 GC heap before
{Heap before GC invocations=87 (full 0):
 garbage-first heap   total 483328K, used 386308K [0x0000000080000000, 0x0000000100000000)
  region size 1024K, 133 young (136192K), 2 survivors (2048K)
 Metaspace       used 172428K, committed 173376K, reserved 1204224K
  class space    used 22153K, committed 22592K, reserved 1048576K
}
Event: 98.448 GC heap after
{Heap after GC invocations=88 (full 0):
 garbage-first heap   total 483328K, used 262748K [0x0000000080000000, 0x0000000100000000)
  region size 1024K, 13 young (13312K), 13 survivors (13312K)
 Metaspace       used 172428K, committed 173376K, reserved 1204224K
  class space    used 22153K, committed 22592K, reserved 1048576K
}
Event: 237.389 GC heap before
{Heap before GC invocations=88 (full 0):
 garbage-first heap   total 483328K, used 390748K [0x0000000080000000, 0x0000000100000000)
  region size 1024K, 139 young (142336K), 13 survivors (13312K)
 Metaspace       used 176422K, committed 177536K, reserved 1204224K
  class space    used 22684K, committed 23232K, reserved 1048576K
}
Event: 237.654 GC heap after
{Heap after GC invocations=89 (full 0):
 garbage-first heap   total 483328K, used 273674K [0x0000000080000000, 0x0000000100000000)
  region size 1024K, 11 young (11264K), 11 survivors (11264K)
 Metaspace       used 176422K, committed 177536K, reserved 1204224K
  class space    used 22684K, committed 23232K, reserved 1048576K
}
Event: 248.516 GC heap before
{Heap before GC invocations=89 (full 0):
 garbage-first heap   total 483328K, used 396554K [0x0000000080000000, 0x0000000100000000)
  region size 1024K, 132 young (135168K), 11 survivors (11264K)
 Metaspace       used 182409K, committed 183488K, reserved 1212416K
  class space    used 23423K, committed 23936K, reserved 1048576K
}
Event: 248.774 GC heap after
{Heap after GC invocations=90 (full 0):
 garbage-first heap   total 483328K, used 287709K [0x0000000080000000, 0x0000000100000000)
  region size 1024K, 15 young (15360K), 15 survivors (15360K)
 Metaspace       used 182409K, committed 183488K, reserved 1212416K
  class space    used 23423K, committed 23936K, reserved 1048576K
}

