# JRE version: OpenJDK Runtime Environment (17.0.6) (build 17.0.6+0-b2043.56-10027231)
# Java VM: OpenJDK 64-Bit Server VM (17.0.6+0-b2043.56-10027231, mixed mode, tiered, compressed oops, compressed class ptrs, g1 gc, windows-amd64)
GC Precious Log:
 CPUs: 4 total, 4 available
 Memory: 6063M
 Large Page Support: Disabled
 NUMA Support: Disabled
 Compressed Oops: Enabled (32-bit)
 Heap Region Size: 1M
 Heap Min Capacity: 8M
 Heap Initial Capacity: 96M
 Heap Max Capacity: 2G
 Pre-touch: Disabled
 Parallel Workers: 4
 Concurrent Workers: 1
 Concurrent Refinement Workers: 4
 Periodic GC: Disabled
Heap:
 garbage-first heap   total 138240K, used 106829K [0x0000000080000000, 0x0000000100000000)
  region size 1024K, 27 young (27648K), 4 survivors (4096K)
 Metaspace       used 58547K, committed 59200K, reserved 1105920K
  class space    used 7829K, committed 8128K, reserved 1048576K
GC Heap History (20 events):
Event: 27.345 GC heap before
{Heap before GC invocations=16 (full 0):
 garbage-first heap   total 94208K, used 64926K [0x0000000080000000, 0x0000000100000000)
  region size 1024K, 14 young (14336K), 3 survivors (3072K)
 Metaspace       used 42399K, committed 42816K, reserved 1089536K
  class space    used 5640K, committed 5824K, reserved 1048576K
}
Event: 27.348 GC heap after
{Heap after GC invocations=17 (full 0):
 garbage-first heap   total 94208K, used 56752K [0x0000000080000000, 0x0000000100000000)
  region size 1024K, 2 young (2048K), 2 survivors (2048K)
 Metaspace       used 42399K, committed 42816K, reserved 1089536K
  class space    used 5640K, committed 5824K, reserved 1048576K
}
Event: 28.685 GC heap before
{Heap before GC invocations=18 (full 0):
 garbage-first heap   total 102400K, used 78256K [0x0000000080000000, 0x0000000100000000)
  region size 1024K, 20 young (20480K), 2 survivors (2048K)
 Metaspace       used 45443K, committed 45824K, reserved 1089536K
  class space    used 5999K, committed 6144K, reserved 1048576K
}
Event: 28.691 GC heap after
{Heap after GC invocations=19 (full 0):
 garbage-first heap   total 102400K, used 57592K [0x0000000080000000, 0x0000000100000000)
  region size 1024K, 2 young (2048K), 2 survivors (2048K)
 Metaspace       used 45443K, committed 45824K, reserved 1089536K
  class space    used 5999K, committed 6144K, reserved 1048576K
}
Event: 30.290 GC heap before
{Heap before GC invocations=19 (full 0):
 garbage-first heap   total 102400K, used 70904K [0x0000000080000000, 0x0000000100000000)
  region size 1024K, 16 young (16384K), 2 survivors (2048K)
 Metaspace       used 46825K, committed 47296K, reserved 1097728K
  class space    used 6204K, committed 6400K, reserved 1048576K
}
Event: 30.295 GC heap after
{Heap after GC invocations=20 (full 0):
 garbage-first heap   total 102400K, used 59427K [0x0000000080000000, 0x0000000100000000)
  region size 1024K, 4 young (4096K), 4 survivors (4096K)
 Metaspace       used 46825K, committed 47296K, reserved 1097728K
  class space    used 6204K, committed 6400K, reserved 1048576K
}
Event: 30.712 GC heap before
{Heap before GC invocations=21 (full 0):
 garbage-first heap   total 114688K, used 74787K [0x0000000080000000, 0x0000000100000000)
  region size 1024K, 15 young (15360K), 4 survivors (4096K)
 Metaspace       used 47543K, committed 47936K, reserved 1097728K
  class space    used 6286K, committed 6464K, reserved 1048576K
}
Event: 30.718 GC heap after
{Heap after GC invocations=22 (full 0):
 garbage-first heap   total 114688K, used 67816K [0x0000000080000000, 0x0000000100000000)
  region size 1024K, 4 young (4096K), 4 survivors (4096K)
 Metaspace       used 47543K, committed 47936K, reserved 1097728K
  class space    used 6286K, committed 6464K, reserved 1048576K
}
Event: 32.942 GC heap before
{Heap before GC invocations=23 (full 0):
 garbage-first heap   total 117760K, used 88296K [0x0000000080000000, 0x0000000100000000)
  region size 1024K, 23 young (23552K), 4 survivors (4096K)
 Metaspace       used 49841K, committed 50368K, reserved 1097728K
  class space    used 6518K, committed 6720K, reserved 1048576K
}
Event: 32.948 GC heap after
{Heap after GC invocations=24 (full 0):
 garbage-first heap   total 117760K, used 68780K [0x0000000080000000, 0x0000000100000000)
  region size 1024K, 2 young (2048K), 2 survivors (2048K)
 Metaspace       used 49841K, committed 50368K, reserved 1097728K
  class space    used 6518K, committed 6720K, reserved 1048576K
}
Event: 35.484 GC heap before
{Heap before GC invocations=24 (full 0):
 garbage-first heap   total 117760K, used 91308K [0x0000000080000000, 0x0000000100000000)
  region size 1024K, 24 young (24576K), 2 survivors (2048K)
 Metaspace       used 50985K, committed 51520K, reserved 1097728K
  class space    used 6720K, committed 6976K, reserved 1048576K
}
Event: 35.488 GC heap after
{Heap after GC invocations=25 (full 0):
 garbage-first heap   total 117760K, used 69262K [0x0000000080000000, 0x0000000100000000)
  region size 1024K, 1 young (1024K), 1 survivors (1024K)
 Metaspace       used 50985K, committed 51520K, reserved 1097728K
  class space    used 6720K, committed 6976K, reserved 1048576K
}
Event: 37.368 GC heap before
{Heap before GC invocations=26 (full 0):
 garbage-first heap   total 122880K, used 92814K [0x0000000080000000, 0x0000000100000000)
  region size 1024K, 24 young (24576K), 1 survivors (1024K)
 Metaspace       used 53316K, committed 53952K, reserved 1097728K
  class space    used 7135K, committed 7424K, reserved 1048576K
}
Event: 37.372 GC heap after
{Heap after GC invocations=27 (full 0):
 garbage-first heap   total 122880K, used 70741K [0x0000000080000000, 0x0000000100000000)
  region size 1024K, 3 young (3072K), 3 survivors (3072K)
 Metaspace       used 53316K, committed 53952K, reserved 1097728K
  class space    used 7135K, committed 7424K, reserved 1048576K
}
Event: 37.447 GC heap before
{Heap before GC invocations=27 (full 0):
 garbage-first heap   total 122880K, used 73813K [0x0000000080000000, 0x0000000100000000)
  region size 1024K, 6 young (6144K), 3 survivors (3072K)
 Metaspace       used 53775K, committed 54336K, reserved 1097728K
  class space    used 7209K, committed 7488K, reserved 1048576K
}
Event: 37.452 GC heap after
{Heap after GC invocations=28 (full 0):
 garbage-first heap   total 122880K, used 70437K [0x0000000080000000, 0x0000000100000000)
  region size 1024K, 1 young (1024K), 1 survivors (1024K)
 Metaspace       used 53775K, committed 54336K, reserved 1097728K
  class space    used 7209K, committed 7488K, reserved 1048576K
}
Event: 40.858 GC heap before
{Heap before GC invocations=28 (full 0):
 garbage-first heap   total 122880K, used 98085K [0x0000000080000000, 0x0000000100000000)
  region size 1024K, 28 young (28672K), 1 survivors (1024K)
 Metaspace       used 56204K, committed 56768K, reserved 1105920K
  class space    used 7541K, committed 7808K, reserved 1048576K
}
Event: 40.864 GC heap after
{Heap after GC invocations=29 (full 0):
 garbage-first heap   total 122880K, used 72654K [0x0000000080000000, 0x0000000100000000)
  region size 1024K, 3 young (3072K), 3 survivors (3072K)
 Metaspace       used 56204K, committed 56768K, reserved 1105920K
  class space    used 7541K, committed 7808K, reserved 1048576K
}
Event: 42.497 GC heap before
{Heap before GC invocations=30 (full 0):
 garbage-first heap   total 124928K, used 96206K [0x0000000080000000, 0x0000000100000000)
  region size 1024K, 28 young (28672K), 3 survivors (3072K)
 Metaspace       used 56763K, committed 57344K, reserved 1105920K
  class space    used 7586K, committed 7872K, reserved 1048576K
}
Event: 42.507 GC heap after
{Heap after GC invocations=31 (full 0):
 garbage-first heap   total 124928K, used 75085K [0x0000000080000000, 0x0000000100000000)
  region size 1024K, 4 young (4096K), 4 survivors (4096K)
 Metaspace       used 56763K, committed 57344K, reserved 1105920K
  class space    used 7586K, committed 7872K, reserved 1048576K
}

