# JRE version: OpenJDK Runtime Environment (17.0.6) (build 17.0.6+0-b2043.56-10027231)
# Java VM: OpenJDK 64-Bit Server VM (17.0.6+0-b2043.56-10027231, mixed mode, tiered, compressed oops, compressed class ptrs, g1 gc, windows-amd64)
GC Precious Log:
 CPUs: 4 total, 4 available
 Memory: 6063M
 Large Page Support: Disabled
 NUMA Support: Disabled
 Compressed Oops: Enabled (32-bit)
 Heap Region Size: 1M
 Heap Min Capacity: 8M
 Heap Initial Capacity: 96M
 Heap Max Capacity: 2G
 Pre-touch: Disabled
 Parallel Workers: 4
 Concurrent Workers: 1
 Concurrent Refinement Workers: 4
 Periodic GC: Disabled
Heap:
 garbage-first heap   total 524288K, used 266656K [0x0000000080000000, 0x0000000100000000)
  region size 1024K, 16 young (16384K), 16 survivors (16384K)
 Metaspace       used 165754K, committed 166720K, reserved 1196032K
  class space    used 21374K, committed 21824K, reserved 1048576K
GC Heap History (20 events):
Event: 51.459 GC heap after
{Heap after GC invocations=63 (full 0):
 garbage-first heap   total 453632K, used 157404K [0x0000000080000000, 0x0000000100000000)
  region size 1024K, 3 young (3072K), 3 survivors (3072K)
 Metaspace       used 110642K, committed 111360K, reserved 1146880K
  class space    used 14730K, committed 15040K, reserved 1048576K
}
Event: 56.008 GC heap before
{Heap before GC invocations=63 (full 0):
 garbage-first heap   total 453632K, used 340700K [0x0000000080000000, 0x0000000100000000)
  region size 1024K, 182 young (186368K), 3 survivors (3072K)
 Metaspace       used 121617K, committed 122304K, reserved 1155072K
  class space    used 15811K, committed 16128K, reserved 1048576K
}
Event: 56.048 GC heap after
{Heap after GC invocations=64 (full 0):
 garbage-first heap   total 453632K, used 169385K [0x0000000080000000, 0x0000000100000000)
  region size 1024K, 15 young (15360K), 15 survivors (15360K)
 Metaspace       used 121617K, committed 122304K, reserved 1155072K
  class space    used 15811K, committed 16128K, reserved 1048576K
}
Event: 59.928 GC heap before
{Heap before GC invocations=64 (full 0):
 garbage-first heap   total 453632K, used 285097K [0x0000000080000000, 0x0000000100000000)
  region size 1024K, 129 young (132096K), 15 survivors (15360K)
 Metaspace       used 138356K, committed 139136K, reserved 1171456K
  class space    used 17679K, committed 18048K, reserved 1048576K
}
Event: 60.052 GC heap after
{Heap after GC invocations=65 (full 0):
 garbage-first heap   total 453632K, used 173731K [0x0000000080000000, 0x0000000100000000)
  region size 1024K, 5 young (5120K), 5 survivors (5120K)
 Metaspace       used 138356K, committed 139136K, reserved 1171456K
  class space    used 17679K, committed 18048K, reserved 1048576K
}
Event: 66.046 GC heap before
{Heap before GC invocations=66 (full 0):
 garbage-first heap   total 453632K, used 387747K [0x0000000080000000, 0x0000000100000000)
  region size 1024K, 188 young (192512K), 5 survivors (5120K)
 Metaspace       used 150629K, committed 151488K, reserved 1187840K
  class space    used 19629K, committed 20032K, reserved 1048576K
}
Event: 66.109 GC heap after
{Heap after GC invocations=67 (full 0):
 garbage-first heap   total 453632K, used 221696K [0x0000000080000000, 0x0000000100000000)
  region size 1024K, 24 young (24576K), 24 survivors (24576K)
 Metaspace       used 150629K, committed 151488K, reserved 1187840K
  class space    used 19629K, committed 20032K, reserved 1048576K
}
Event: 66.121 GC heap before
{Heap before GC invocations=67 (full 0):
 garbage-first heap   total 453632K, used 222720K [0x0000000080000000, 0x0000000100000000)
  region size 1024K, 25 young (25600K), 24 survivors (24576K)
 Metaspace       used 150629K, committed 151488K, reserved 1187840K
  class space    used 19629K, committed 20032K, reserved 1048576K
}
Event: 66.173 GC heap after
{Heap after GC invocations=68 (full 0):
 garbage-first heap   total 453632K, used 223619K [0x0000000080000000, 0x0000000100000000)
  region size 1024K, 2 young (2048K), 2 survivors (2048K)
 Metaspace       used 150629K, committed 151488K, reserved 1187840K
  class space    used 19629K, committed 20032K, reserved 1048576K
}
Event: 68.712 GC heap before
{Heap before GC invocations=68 (full 0):
 garbage-first heap   total 453632K, used 356739K [0x0000000080000000, 0x0000000100000000)
  region size 1024K, 133 young (136192K), 2 survivors (2048K)
 Metaspace       used 150655K, committed 151552K, reserved 1187840K
  class space    used 19629K, committed 20032K, reserved 1048576K
}
Event: 68.736 GC heap after
{Heap after GC invocations=69 (full 0):
 garbage-first heap   total 453632K, used 238896K [0x0000000080000000, 0x0000000100000000)
  region size 1024K, 17 young (17408K), 17 survivors (17408K)
 Metaspace       used 150655K, committed 151552K, reserved 1187840K
  class space    used 19629K, committed 20032K, reserved 1048576K
}
Event: 72.054 GC heap before
{Heap before GC invocations=69 (full 0):
 garbage-first heap   total 453632K, used 361776K [0x0000000080000000, 0x0000000100000000)
  region size 1024K, 137 young (140288K), 17 survivors (17408K)
 Metaspace       used 150657K, committed 151552K, reserved 1187840K
  class space    used 19629K, committed 20032K, reserved 1048576K
}
Event: 72.077 GC heap after
{Heap after GC invocations=70 (full 0):
 garbage-first heap   total 453632K, used 245724K [0x0000000080000000, 0x0000000100000000)
  region size 1024K, 9 young (9216K), 9 survivors (9216K)
 Metaspace       used 150657K, committed 151552K, reserved 1187840K
  class space    used 19629K, committed 20032K, reserved 1048576K
}
Event: 74.173 GC heap before
{Heap before GC invocations=70 (full 0):
 garbage-first heap   total 453632K, used 352220K [0x0000000080000000, 0x0000000100000000)
  region size 1024K, 114 young (116736K), 9 survivors (9216K)
 Metaspace       used 150707K, committed 151616K, reserved 1187840K
  class space    used 19641K, committed 20096K, reserved 1048576K
}
Event: 74.194 GC heap after
{Heap after GC invocations=71 (full 0):
 garbage-first heap   total 453632K, used 251356K [0x0000000080000000, 0x0000000100000000)
  region size 1024K, 14 young (14336K), 14 survivors (14336K)
 Metaspace       used 150707K, committed 151616K, reserved 1187840K
  class space    used 19641K, committed 20096K, reserved 1048576K
}
Event: 77.979 GC heap before
{Heap before GC invocations=72 (full 0):
 garbage-first heap   total 524288K, used 377308K [0x0000000080000000, 0x0000000100000000)
  region size 1024K, 126 young (129024K), 14 survivors (14336K)
 Metaspace       used 161720K, committed 162688K, reserved 1196032K
  class space    used 20953K, committed 21376K, reserved 1048576K
}
Event: 78.201 GC heap after
{Heap after GC invocations=73 (full 0):
 garbage-first heap   total 524288K, used 256603K [0x0000000080000000, 0x0000000100000000)
  region size 1024K, 16 young (16384K), 16 survivors (16384K)
 Metaspace       used 161720K, committed 162688K, reserved 1196032K
  class space    used 20953K, committed 21376K, reserved 1048576K
}
Event: 78.533 GC heap before
{Heap before GC invocations=73 (full 0):
 garbage-first heap   total 524288K, used 265819K [0x0000000080000000, 0x0000000100000000)
  region size 1024K, 25 young (25600K), 16 survivors (16384K)
 Metaspace       used 161880K, committed 162816K, reserved 1196032K
  class space    used 20956K, committed 21376K, reserved 1048576K
}
Event: 78.580 GC heap after
{Heap after GC invocations=74 (full 0):
 garbage-first heap   total 524288K, used 253856K [0x0000000080000000, 0x0000000100000000)
  region size 1024K, 4 young (4096K), 4 survivors (4096K)
 Metaspace       used 161880K, committed 162816K, reserved 1196032K
  class space    used 20956K, committed 21376K, reserved 1048576K
}
Event: 82.670 GC heap before
{Heap before GC invocations=74 (full 0):
 garbage-first heap   total 524288K, used 410528K [0x0000000080000000, 0x0000000100000000)
  region size 1024K, 158 young (161792K), 4 survivors (4096K)
 Metaspace       used 165754K, committed 166720K, reserved 1196032K
  class space    used 21374K, committed 21824K, reserved 1048576K
}

