# JRE version: OpenJDK Runtime Environment (17.0.6) (build 17.0.6+0-b2043.56-10027231)
# Java VM: OpenJDK 64-Bit Server VM (17.0.6+0-b2043.56-10027231, mixed mode, tiered, compressed oops, compressed class ptrs, g1 gc, windows-amd64)
GC Precious Log:
 CPUs: 4 total, 4 available
 Memory: 6063M
 Large Page Support: Disabled
 NUMA Support: Disabled
 Compressed Oops: Enabled (32-bit)
 Heap Region Size: 1M
 Heap Min Capacity: 8M
 Heap Initial Capacity: 96M
 Heap Max Capacity: 2G
 Pre-touch: Disabled
 Parallel Workers: 4
 Concurrent Workers: 1
 Concurrent Refinement Workers: 4
 Periodic GC: Disabled
Heap:
 garbage-first heap   total 203776K, used 159289K [0x0000000080000000, 0x0000000100000000)
  region size 1024K, 3 young (3072K), 1 survivors (1024K)
 Metaspace       used 121729K, committed 122624K, reserved 1163264K
  class space    used 16598K, committed 17024K, reserved 1048576K
GC Heap History (20 events):
Event: 4100.737 GC heap before
{Heap before GC invocations=56 (full 0):
 garbage-first heap   total 173056K, used 104891K [0x0000000080000000, 0x0000000100000000)
  region size 1024K, 8 young (8192K), 6 survivors (6144K)
 Metaspace       used 97612K, committed 98240K, reserved 1138688K
  class space    used 13153K, committed 13504K, reserved 1048576K
}
Event: 4100.803 GC heap after
{Heap after GC invocations=57 (full 0):
 garbage-first heap   total 173056K, used 99530K [0x0000000080000000, 0x0000000100000000)
  region size 1024K, 1 young (1024K), 1 survivors (1024K)
 Metaspace       used 97612K, committed 98240K, reserved 1138688K
  class space    used 13153K, committed 13504K, reserved 1048576K
}
Event: 4103.709 GC heap before
{Heap before GC invocations=57 (full 0):
 garbage-first heap   total 173056K, used 143562K [0x0000000080000000, 0x0000000100000000)
  region size 1024K, 45 young (46080K), 1 survivors (1024K)
 Metaspace       used 98720K, committed 99328K, reserved 1138688K
  class space    used 13291K, committed 13568K, reserved 1048576K
}
Event: 4103.723 GC heap after
{Heap after GC invocations=58 (full 0):
 garbage-first heap   total 173056K, used 104406K [0x0000000080000000, 0x0000000100000000)
  region size 1024K, 6 young (6144K), 6 survivors (6144K)
 Metaspace       used 98720K, committed 99328K, reserved 1138688K
  class space    used 13291K, committed 13568K, reserved 1048576K
}
Event: 4119.955 GC heap before
{Heap before GC invocations=58 (full 0):
 garbage-first heap   total 173056K, used 143318K [0x0000000080000000, 0x0000000100000000)
  region size 1024K, 45 young (46080K), 6 survivors (6144K)
 Metaspace       used 102572K, committed 103360K, reserved 1138688K
  class space    used 13834K, committed 14208K, reserved 1048576K
}
Event: 4120.003 GC heap after
{Heap after GC invocations=59 (full 0):
 garbage-first heap   total 173056K, used 108544K [0x0000000080000000, 0x0000000100000000)
  region size 1024K, 4 young (4096K), 4 survivors (4096K)
 Metaspace       used 102572K, committed 103360K, reserved 1138688K
  class space    used 13834K, committed 14208K, reserved 1048576K
}
Event: 4123.795 GC heap before
{Heap before GC invocations=59 (full 0):
 garbage-first heap   total 173056K, used 145408K [0x0000000080000000, 0x0000000100000000)
  region size 1024K, 40 young (40960K), 4 survivors (4096K)
 Metaspace       used 111305K, committed 112064K, reserved 1146880K
  class space    used 14996K, committed 15360K, reserved 1048576K
}
Event: 4123.813 GC heap after
{Heap after GC invocations=60 (full 0):
 garbage-first heap   total 173056K, used 110995K [0x0000000080000000, 0x0000000100000000)
  region size 1024K, 3 young (3072K), 3 survivors (3072K)
 Metaspace       used 111305K, committed 112064K, reserved 1146880K
  class space    used 14996K, committed 15360K, reserved 1048576K
}
Event: 4125.260 GC heap before
{Heap before GC invocations=61 (full 0):
 garbage-first heap   total 203776K, used 142739K [0x0000000080000000, 0x0000000100000000)
  region size 1024K, 35 young (35840K), 3 survivors (3072K)
 Metaspace       used 117156K, committed 118016K, reserved 1155072K
  class space    used 15936K, committed 16384K, reserved 1048576K
}
Event: 4125.274 GC heap after
{Heap after GC invocations=62 (full 0):
 garbage-first heap   total 203776K, used 112012K [0x0000000080000000, 0x0000000100000000)
  region size 1024K, 4 young (4096K), 4 survivors (4096K)
 Metaspace       used 117156K, committed 118016K, reserved 1155072K
  class space    used 15936K, committed 16384K, reserved 1048576K
}
Event: 4126.089 GC heap before
{Heap before GC invocations=62 (full 0):
 garbage-first heap   total 203776K, used 116108K [0x0000000080000000, 0x0000000100000000)
  region size 1024K, 9 young (9216K), 4 survivors (4096K)
 Metaspace       used 117312K, committed 118144K, reserved 1155072K
  class space    used 15944K, committed 16384K, reserved 1048576K
}
Event: 4126.139 GC heap after
{Heap after GC invocations=63 (full 0):
 garbage-first heap   total 203776K, used 102253K [0x0000000080000000, 0x0000000100000000)
  region size 1024K, 1 young (1024K), 1 survivors (1024K)
 Metaspace       used 117312K, committed 118144K, reserved 1155072K
  class space    used 15944K, committed 16384K, reserved 1048576K
}
Event: 4237.955 GC heap before
{Heap before GC invocations=63 (full 0):
 garbage-first heap   total 203776K, used 177005K [0x0000000080000000, 0x0000000100000000)
  region size 1024K, 62 young (63488K), 1 survivors (1024K)
 Metaspace       used 121012K, committed 121920K, reserved 1155072K
  class space    used 16527K, committed 16960K, reserved 1048576K
}
Event: 4238.062 GC heap after
{Heap after GC invocations=64 (full 0):
 garbage-first heap   total 203776K, used 107162K [0x0000000080000000, 0x0000000100000000)
  region size 1024K, 6 young (6144K), 6 survivors (6144K)
 Metaspace       used 121012K, committed 121920K, reserved 1155072K
  class space    used 16527K, committed 16960K, reserved 1048576K
}
Event: 4246.755 GC heap before
{Heap before GC invocations=64 (full 0):
 garbage-first heap   total 203776K, used 165530K [0x0000000080000000, 0x0000000100000000)
  region size 1024K, 64 young (65536K), 6 survivors (6144K)
 Metaspace       used 121425K, committed 122304K, reserved 1155072K
  class space    used 16560K, committed 17024K, reserved 1048576K
}
Event: 4246.810 GC heap after
{Heap after GC invocations=65 (full 0):
 garbage-first heap   total 203776K, used 114738K [0x0000000080000000, 0x0000000100000000)
  region size 1024K, 8 young (8192K), 8 survivors (8192K)
 Metaspace       used 121425K, committed 122304K, reserved 1155072K
  class space    used 16560K, committed 17024K, reserved 1048576K
}
Event: 4248.315 GC heap before
{Heap before GC invocations=65 (full 0):
 garbage-first heap   total 203776K, used 120882K [0x0000000080000000, 0x0000000100000000)
  region size 1024K, 12 young (12288K), 8 survivors (8192K)
 Metaspace       used 121553K, committed 122496K, reserved 1155072K
  class space    used 16579K, committed 17024K, reserved 1048576K
}
Event: 4248.346 GC heap after
{Heap after GC invocations=66 (full 0):
 garbage-first heap   total 203776K, used 116260K [0x0000000080000000, 0x0000000100000000)
  region size 1024K, 2 young (2048K), 2 survivors (2048K)
 Metaspace       used 121553K, committed 122496K, reserved 1155072K
  class space    used 16579K, committed 17024K, reserved 1048576K
}
Event: 4248.398 GC heap before
{Heap before GC invocations=66 (full 0):
 garbage-first heap   total 203776K, used 131620K [0x0000000080000000, 0x0000000100000000)
  region size 1024K, 3 young (3072K), 2 survivors (2048K)
 Metaspace       used 121553K, committed 122496K, reserved 1155072K
  class space    used 16579K, committed 17024K, reserved 1048576K
}
Event: 4248.400 GC heap after
{Heap after GC invocations=67 (full 0):
 garbage-first heap   total 203776K, used 130617K [0x0000000080000000, 0x0000000100000000)
  region size 1024K, 1 young (1024K), 1 survivors (1024K)
 Metaspace       used 121553K, committed 122496K, reserved 1155072K
  class space    used 16579K, committed 17024K, reserved 1048576K
}

