# JRE version: OpenJDK Runtime Environment (17.0.6) (build 17.0.6+0-b2043.56-10027231)
# Java VM: OpenJDK 64-Bit Server VM (17.0.6+0-b2043.56-10027231, mixed mode, tiered, compressed oops, compressed class ptrs, g1 gc, windows-amd64)
GC Precious Log:
 CPUs: 4 total, 4 available
 Memory: 6063M
 Large Page Support: Disabled
 NUMA Support: Disabled
 Compressed Oops: Enabled (32-bit)
 Heap Region Size: 1M
 Heap Min Capacity: 8M
 Heap Initial Capacity: 96M
 Heap Max Capacity: 2G
 Pre-touch: Disabled
 Parallel Workers: 4
 Concurrent Workers: 1
 Concurrent Refinement Workers: 4
 Periodic GC: Disabled
Heap:
 garbage-first heap   total 481280K, used 264655K [0x0000000080000000, 0x0000000100000000)
  region size 1024K, 5 young (5120K), 5 survivors (5120K)
 Metaspace       used 192371K, committed 194688K, reserved 1220608K
  class space    used 25040K, committed 26112K, reserved 1048576K
GC Heap History (20 events):
Event: 10859.010 GC heap after
{Heap after GC invocations=88 (full 1):
 garbage-first heap   total 481280K, used 161198K [0x0000000080000000, 0x0000000100000000)
  region size 1024K, 2 young (2048K), 2 survivors (2048K)
 Metaspace       used 140176K, committed 142464K, reserved 1179648K
  class space    used 19187K, committed 20288K, reserved 1048576K
}
Event: 10860.218 GC heap before
{Heap before GC invocations=88 (full 1):
 garbage-first heap   total 481280K, used 199086K [0x0000000080000000, 0x0000000100000000)
  region size 1024K, 40 young (40960K), 2 survivors (2048K)
 Metaspace       used 145618K, committed 147904K, reserved 1179648K
  class space    used 19883K, committed 20992K, reserved 1048576K
}
Event: 10860.245 GC heap after
{Heap after GC invocations=89 (full 1):
 garbage-first heap   total 481280K, used 161691K [0x0000000080000000, 0x0000000100000000)
  region size 1024K, 2 young (2048K), 2 survivors (2048K)
 Metaspace       used 145618K, committed 147904K, reserved 1179648K
  class space    used 19883K, committed 20992K, reserved 1048576K
}
Event: 10873.453 GC heap before
{Heap before GC invocations=90 (full 1):
 garbage-first heap   total 481280K, used 413595K [0x0000000080000000, 0x0000000100000000)
  region size 1024K, 239 young (244736K), 2 survivors (2048K)
 Metaspace       used 163802K, committed 166016K, reserved 1196032K
  class space    used 21914K, committed 22976K, reserved 1048576K
}
Event: 10873.724 GC heap after
{Heap after GC invocations=91 (full 1):
 garbage-first heap   total 481280K, used 201848K [0x0000000080000000, 0x0000000100000000)
  region size 1024K, 30 young (30720K), 30 survivors (30720K)
 Metaspace       used 163802K, committed 166016K, reserved 1196032K
  class space    used 21914K, committed 22976K, reserved 1048576K
}
Event: 10873.805 GC heap before
{Heap before GC invocations=91 (full 1):
 garbage-first heap   total 481280K, used 201848K [0x0000000080000000, 0x0000000100000000)
  region size 1024K, 31 young (31744K), 30 survivors (30720K)
 Metaspace       used 163809K, committed 166016K, reserved 1196032K
  class space    used 21914K, committed 22976K, reserved 1048576K
}
Event: 10873.907 GC heap after
{Heap after GC invocations=92 (full 1):
 garbage-first heap   total 481280K, used 198416K [0x0000000080000000, 0x0000000100000000)
  region size 1024K, 2 young (2048K), 2 survivors (2048K)
 Metaspace       used 163809K, committed 166016K, reserved 1196032K
  class space    used 21914K, committed 22976K, reserved 1048576K
}
Event: 10888.972 GC heap before
{Heap before GC invocations=92 (full 1):
 garbage-first heap   total 481280K, used 389904K [0x0000000080000000, 0x0000000100000000)
  region size 1024K, 189 young (193536K), 2 survivors (2048K)
 Metaspace       used 176532K, committed 178816K, reserved 1204224K
  class space    used 23232K, committed 24320K, reserved 1048576K
}
Event: 10889.037 GC heap after
{Heap after GC invocations=93 (full 1):
 garbage-first heap   total 481280K, used 210704K [0x0000000080000000, 0x0000000100000000)
  region size 1024K, 14 young (14336K), 14 survivors (14336K)
 Metaspace       used 176532K, committed 178816K, reserved 1204224K
  class space    used 23232K, committed 24320K, reserved 1048576K
}
Event: 10909.221 GC heap before
{Heap before GC invocations=94 (full 1):
 garbage-first heap   total 481280K, used 417552K [0x0000000080000000, 0x0000000100000000)
  region size 1024K, 191 young (195584K), 14 survivors (14336K)
 Metaspace       used 192369K, committed 194688K, reserved 1220608K
  class space    used 25040K, committed 26112K, reserved 1048576K
}
Event: 10909.537 GC heap after
{Heap after GC invocations=95 (full 1):
 garbage-first heap   total 481280K, used 255024K [0x0000000080000000, 0x0000000100000000)
  region size 1024K, 24 young (24576K), 24 survivors (24576K)
 Metaspace       used 192369K, committed 194688K, reserved 1220608K
  class space    used 25040K, committed 26112K, reserved 1048576K
}
Event: 10909.565 GC heap before
{Heap before GC invocations=95 (full 1):
 garbage-first heap   total 481280K, used 256048K [0x0000000080000000, 0x0000000100000000)
  region size 1024K, 25 young (25600K), 24 survivors (24576K)
 Metaspace       used 192369K, committed 194688K, reserved 1220608K
  class space    used 25040K, committed 26112K, reserved 1048576K
}
Event: 10909.643 GC heap after
{Heap after GC invocations=96 (full 1):
 garbage-first heap   total 481280K, used 252828K [0x0000000080000000, 0x0000000100000000)
  region size 1024K, 2 young (2048K), 2 survivors (2048K)
 Metaspace       used 192369K, committed 194688K, reserved 1220608K
  class space    used 25040K, committed 26112K, reserved 1048576K
}
Event: 10916.454 GC heap before
{Heap before GC invocations=96 (full 1):
 garbage-first heap   total 481280K, used 387996K [0x0000000080000000, 0x0000000100000000)
  region size 1024K, 135 young (138240K), 2 survivors (2048K)
 Metaspace       used 192370K, committed 194688K, reserved 1220608K
  class space    used 25040K, committed 26112K, reserved 1048576K
}
Event: 10916.490 GC heap after
{Heap after GC invocations=97 (full 1):
 garbage-first heap   total 481280K, used 270748K [0x0000000080000000, 0x0000000100000000)
  region size 1024K, 17 young (17408K), 17 survivors (17408K)
 Metaspace       used 192370K, committed 194688K, reserved 1220608K
  class space    used 25040K, committed 26112K, reserved 1048576K
}
Event: 10923.781 GC heap before
{Heap before GC invocations=98 (full 1):
 garbage-first heap   total 481280K, used 384412K [0x0000000080000000, 0x0000000100000000)
  region size 1024K, 133 young (136192K), 17 survivors (17408K)
 Metaspace       used 192371K, committed 194688K, reserved 1220608K
  class space    used 25040K, committed 26112K, reserved 1048576K
}
Event: 10923.815 GC heap after
{Heap after GC invocations=99 (full 1):
 garbage-first heap   total 481280K, used 274692K [0x0000000080000000, 0x0000000100000000)
  region size 1024K, 9 young (9216K), 9 survivors (9216K)
 Metaspace       used 192371K, committed 194688K, reserved 1220608K
  class space    used 25040K, committed 26112K, reserved 1048576K
}
Event: 10924.166 GC heap before
{Heap before GC invocations=99 (full 1):
 garbage-first heap   total 481280K, used 288004K [0x0000000080000000, 0x0000000100000000)
  region size 1024K, 23 young (23552K), 9 survivors (9216K)
 Metaspace       used 192371K, committed 194688K, reserved 1220608K
  class space    used 25040K, committed 26112K, reserved 1048576K
}
Event: 10924.181 GC heap after
{Heap after GC invocations=100 (full 1):
 garbage-first heap   total 481280K, used 261749K [0x0000000080000000, 0x0000000100000000)
  region size 1024K, 2 young (2048K), 2 survivors (2048K)
 Metaspace       used 192371K, committed 194688K, reserved 1220608K
  class space    used 25040K, committed 26112K, reserved 1048576K
}
Event: 10925.891 GC heap before
{Heap before GC invocations=100 (full 1):
 garbage-first heap   total 481280K, used 318069K [0x0000000080000000, 0x0000000100000000)
  region size 1024K, 58 young (59392K), 2 survivors (2048K)
 Metaspace       used 192371K, committed 194688K, reserved 1220608K
  class space    used 25040K, committed 26112K, reserved 1048576K
}

