# JRE version: OpenJDK Runtime Environment (17.0.6) (build 17.0.6+0-b2043.56-10027231)
# Java VM: OpenJDK 64-Bit Server VM (17.0.6+0-b2043.56-10027231, mixed mode, tiered, compressed oops, compressed class ptrs, g1 gc, windows-amd64)
GC Precious Log:
 CPUs: 4 total, 4 available
 Memory: 6063M
 Large Page Support: Disabled
 NUMA Support: Disabled
 Compressed Oops: Enabled (32-bit)
 Heap Region Size: 1M
 Heap Min Capacity: 8M
 Heap Initial Capacity: 96M
 Heap Max Capacity: 2G
 Pre-touch: Disabled
 Parallel Workers: 4
 Concurrent Workers: 1
 Concurrent Refinement Workers: 4
 Periodic GC: Disabled
Heap:
 garbage-first heap   total 152576K, used 103459K [0x0000000080000000, 0x0000000100000000)
  region size 1024K, 15 young (15360K), 1 survivors (1024K)
 Metaspace       used 61815K, committed 62400K, reserved 1105920K
  class space    used 8236K, committed 8512K, reserved 1048576K
GC Heap History (20 events):
Event: 40.184 GC heap before
{Heap before GC invocations=28 (full 0):
 garbage-first heap   total 116736K, used 89939K [0x0000000080000000, 0x0000000100000000)
  region size 1024K, 24 young (24576K), 2 survivors (2048K)
 Metaspace       used 50905K, committed 51520K, reserved 1097728K
  class space    used 6716K, committed 6976K, reserved 1048576K
}
Event: 40.189 GC heap after
{Heap after GC invocations=29 (full 0):
 garbage-first heap   total 116736K, used 67998K [0x0000000080000000, 0x0000000100000000)
  region size 1024K, 3 young (3072K), 3 survivors (3072K)
 Metaspace       used 50905K, committed 51520K, reserved 1097728K
  class space    used 6716K, committed 6976K, reserved 1048576K
}
Event: 42.546 GC heap before
{Heap before GC invocations=30 (full 0):
 garbage-first heap   total 117760K, used 91550K [0x0000000080000000, 0x0000000100000000)
  region size 1024K, 26 young (26624K), 3 survivors (3072K)
 Metaspace       used 53198K, committed 53824K, reserved 1097728K
  class space    used 7119K, committed 7424K, reserved 1048576K
}
Event: 42.555 GC heap after
{Heap after GC invocations=31 (full 0):
 garbage-first heap   total 117760K, used 69615K [0x0000000080000000, 0x0000000100000000)
  region size 1024K, 3 young (3072K), 3 survivors (3072K)
 Metaspace       used 53198K, committed 53824K, reserved 1097728K
  class space    used 7119K, committed 7424K, reserved 1048576K
}
Event: 44.933 GC heap before
{Heap before GC invocations=31 (full 0):
 garbage-first heap   total 117760K, used 94191K [0x0000000080000000, 0x0000000100000000)
  region size 1024K, 27 young (27648K), 3 survivors (3072K)
 Metaspace       used 55884K, committed 56512K, reserved 1105920K
  class space    used 7524K, committed 7808K, reserved 1048576K
}
Event: 44.942 GC heap after
{Heap after GC invocations=32 (full 0):
 garbage-first heap   total 117760K, used 71187K [0x0000000080000000, 0x0000000100000000)
  region size 1024K, 4 young (4096K), 4 survivors (4096K)
 Metaspace       used 55884K, committed 56512K, reserved 1105920K
  class space    used 7524K, committed 7808K, reserved 1048576K
}
Event: 46.390 GC heap before
{Heap before GC invocations=33 (full 0):
 garbage-first heap   total 122880K, used 94739K [0x0000000080000000, 0x0000000100000000)
  region size 1024K, 28 young (28672K), 4 survivors (4096K)
 Metaspace       used 56620K, committed 57280K, reserved 1105920K
  class space    used 7584K, committed 7872K, reserved 1048576K
}
Event: 46.402 GC heap after
{Heap after GC invocations=34 (full 0):
 garbage-first heap   total 122880K, used 73845K [0x0000000080000000, 0x0000000100000000)
  region size 1024K, 4 young (4096K), 4 survivors (4096K)
 Metaspace       used 56620K, committed 57280K, reserved 1105920K
  class space    used 7584K, committed 7872K, reserved 1048576K
}
Event: 46.611 GC heap before
{Heap before GC invocations=34 (full 0):
 garbage-first heap   total 122880K, used 78965K [0x0000000080000000, 0x0000000100000000)
  region size 1024K, 10 young (10240K), 4 survivors (4096K)
 Metaspace       used 56662K, committed 57280K, reserved 1105920K
  class space    used 7585K, committed 7872K, reserved 1048576K
}
Event: 46.621 GC heap after
{Heap after GC invocations=35 (full 0):
 garbage-first heap   total 122880K, used 74614K [0x0000000080000000, 0x0000000100000000)
  region size 1024K, 1 young (1024K), 1 survivors (1024K)
 Metaspace       used 56662K, committed 57280K, reserved 1105920K
  class space    used 7585K, committed 7872K, reserved 1048576K
}
Event: 46.803 GC heap before
{Heap before GC invocations=36 (full 0):
 garbage-first heap   total 132096K, used 79734K [0x0000000080000000, 0x0000000100000000)
  region size 1024K, 4 young (4096K), 1 survivors (1024K)
 Metaspace       used 56731K, committed 57344K, reserved 1105920K
  class space    used 7595K, committed 7872K, reserved 1048576K
}
Event: 46.806 GC heap after
{Heap after GC invocations=37 (full 0):
 garbage-first heap   total 132096K, used 79829K [0x0000000080000000, 0x0000000100000000)
  region size 1024K, 2 young (2048K), 2 survivors (2048K)
 Metaspace       used 56731K, committed 57344K, reserved 1105920K
  class space    used 7595K, committed 7872K, reserved 1048576K
}
Event: 46.966 GC heap before
{Heap before GC invocations=38 (full 0):
 garbage-first heap   total 140288K, used 81877K [0x0000000080000000, 0x0000000100000000)
  region size 1024K, 5 young (5120K), 2 survivors (2048K)
 Metaspace       used 56738K, committed 57344K, reserved 1105920K
  class space    used 7595K, committed 7872K, reserved 1048576K
}
Event: 46.972 GC heap after
{Heap after GC invocations=39 (full 0):
 garbage-first heap   total 140288K, used 82620K [0x0000000080000000, 0x0000000100000000)
  region size 1024K, 3 young (3072K), 3 survivors (3072K)
 Metaspace       used 56738K, committed 57344K, reserved 1105920K
  class space    used 7595K, committed 7872K, reserved 1048576K
}
Event: 47.211 GC heap before
{Heap before GC invocations=40 (full 0):
 garbage-first heap   total 147456K, used 89788K [0x0000000080000000, 0x0000000100000000)
  region size 1024K, 8 young (8192K), 3 survivors (3072K)
 Metaspace       used 57028K, committed 57664K, reserved 1105920K
  class space    used 7646K, committed 7936K, reserved 1048576K
}
Event: 47.218 GC heap after
{Heap after GC invocations=41 (full 0):
 garbage-first heap   total 147456K, used 88907K [0x0000000080000000, 0x0000000100000000)
  region size 1024K, 2 young (2048K), 2 survivors (2048K)
 Metaspace       used 57028K, committed 57664K, reserved 1105920K
  class space    used 7646K, committed 7936K, reserved 1048576K
}
Event: 48.301 GC heap before
{Heap before GC invocations=42 (full 0):
 garbage-first heap   total 152576K, used 107339K [0x0000000080000000, 0x0000000100000000)
  region size 1024K, 20 young (20480K), 2 survivors (2048K)
 Metaspace       used 59013K, committed 59648K, reserved 1105920K
  class space    used 7923K, committed 8192K, reserved 1048576K
}
Event: 48.307 GC heap after
{Heap after GC invocations=43 (full 0):
 garbage-first heap   total 152576K, used 90580K [0x0000000080000000, 0x0000000100000000)
  region size 1024K, 3 young (3072K), 3 survivors (3072K)
 Metaspace       used 59013K, committed 59648K, reserved 1105920K
  class space    used 7923K, committed 8192K, reserved 1048576K
}
Event: 48.562 GC heap before
{Heap before GC invocations=43 (full 0):
 garbage-first heap   total 152576K, used 94676K [0x0000000080000000, 0x0000000100000000)
  region size 1024K, 7 young (7168K), 3 survivors (3072K)
 Metaspace       used 59569K, committed 60160K, reserved 1105920K
  class space    used 7996K, committed 8256K, reserved 1048576K
}
Event: 48.566 GC heap after
{Heap after GC invocations=44 (full 0):
 garbage-first heap   total 152576K, used 90147K [0x0000000080000000, 0x0000000100000000)
  region size 1024K, 1 young (1024K), 1 survivors (1024K)
 Metaspace       used 59569K, committed 60160K, reserved 1105920K
  class space    used 7996K, committed 8256K, reserved 1048576K
}

